<?xml version="1.0" encoding="UTF-8"?>
<testsuite xmlns:xsi="http://www.w3.org/2001/XMLSchema-instance" xsi:noNamespaceSchemaLocation="https://maven.apache.org/surefire/maven-surefire-plugin/xsd/surefire-test-report.xsd" name="uy.edu.ucu.aed.Parcial1Test_Junit5" time="0.011" tests="15" errors="0" skipped="0" failures="0">
  <properties>
[...]
</properties>
  <testcase name="arbolVacioRetornaCantidadCero" classname="uy.edu.ucu.aed.Parcial1Test_Junit5" time="0.003"/>
  <testcase name="vaciarArbolLoDejaVacio" classname="uy.edu.ucu.aed.Parcial1Test_Junit5" time="0"/>
  <testcase name="inOrdenRetornaProductosEnOrdenAscendente" classname="uy.edu.ucu.aed.Parcial1Test_Junit5" time="0.001"/>
  <testcase name="eliminarProductoExistenteNoApareceEnBusqueda" classname="uy.edu.ucu.aed.Parcial1Test_Junit5" time="0.001"/>
  <testcase name="cantidadDeProductosEsCorrecta" classname="uy.edu.ucu.aed.Parcial1Test_Junit5" time="0"/>
  <testcase name="insertarProductoNuevoRetornaVerdadero" classname="uy.edu.ucu.aed.Parcial1Test_Junit5" time="0"/>
  <testcase name="productosEnInOrdenFormatoEsCorrecto" classname="uy.edu.ucu.aed.Parcial1Test_Junit5" time="0.001"/>
  <testcase name="eliminarProductoInexistenteNoCambiaArbol" classname="uy.edu.ucu.aed.Parcial1Test_Junit5" time="0"/>
  <testcase name="insertarProductoDuplicadoRetornaFalso" classname="uy.edu.ucu.aed.Parcial1Test_Junit5" time="0"/>
  <testcase name="arbolNoEsVacioDespuesDeInserciones" classname="uy.edu.ucu.aed.Parcial1Test_Junit5" time="0"/>
  <testcase name="buscarProductoInexistenteRetornaNull" classname="uy.edu.ucu.aed.Parcial1Test_Junit5" time="0"/>
  <testcase name="buscarProductoExistenteRetornaProducto" classname="uy.edu.ucu.aed.Parcial1Test_Junit5" time="0"/>
  <testcase name="eliminarProductoExistenteReduceCantidad" classname="uy.edu.ucu.aed.Parcial1Test_Junit5" time="0"/>
  <testcase name="preOrdenRetornaRaizPrimero" classname="uy.edu.ucu.aed.Parcial1Test_Junit5" time="0"/>
  <testcase name="postOrdenRetornaRaizUltimo" classname="uy.edu.ucu.aed.Parcial1Test_Junit5" time="0"/>
</testsuite>